2024-07-21 12:37:01,094 INFO: re-launching ScamWatch with admin privileges
2024-07-21 12:41:06,008 INFO: ScamWatch is running!
2024-07-21 12:41:07,847 INFO: re-launching ScamWatch with admin privileges
2024-07-21 12:41:08,294 INFO: ScamWatch is running!
2024-07-21 12:41:08,294 INFO: Blocking remote connection ports if needed...
2024-07-21 12:41:10,624 INFO: Now monitoring for RCA applications. Don't worry, you're safe :)
2024-07-21 12:41:53,092 INFO: ScamWatch is running!
2024-07-21 12:41:54,548 INFO: re-launching ScamWatch with admin privileges
2024-07-21 12:41:55,010 INFO: ScamWatch is running!
2024-07-21 12:41:55,010 INFO: Blocking remote connection ports if needed...
2024-07-21 12:41:57,461 INFO: Now monitoring for RCA applications. Don't worry, you're safe :)
2024-07-21 13:26:42,720 INFO: ScamWatch is running!
2024-07-21 13:26:42,720 INFO: Blocking remote connection ports if needed...
2024-07-21 13:26:44,061 INFO: Now monitoring for RCA applications. Don't worry, you're safe :)
2024-07-21 13:27:00,339 INFO: Found process: QuickAssist.exe (pid: 13340)
2024-07-21 13:27:00,341 INFO: Terminated process: QuickAssist.exe (pid: 13340)
2024-07-21 13:27:02,697 INFO: Alert email sent to kassandra.montgomery@student.kpu.ca.
2024-07-21 13:50:16,804 INFO: ScamWatch is running!
2024-07-21 13:50:16,804 INFO: Blocking remote connection ports if needed...
2024-07-21 13:50:18,126 INFO: Now monitoring for RCA applications. Don't worry, you're safe :)
2024-07-21 13:50:32,315 INFO: Found process: QuickAssist.exe (pid: 14480)
2024-07-21 13:50:32,315 INFO: Terminated process: QuickAssist.exe (pid: 14480)
2024-07-21 13:50:35,155 INFO: Alert email sent to kassandra.montgomery@student.kpu.ca.
2024-07-21 17:01:58,994 INFO: ScamWatch is running!
2024-07-21 17:01:58,994 INFO: Attempting to restart with administrative privileges...
2024-07-21 17:02:00,622 INFO: re-launching ScamWatch with admin privileges
2024-07-21 17:02:00,622 INFO: Restarted with administrative privileges.
2024-07-21 17:02:00,875 INFO: ScamWatch is running!
2024-07-21 17:02:00,875 INFO: Blocking remote connection ports if needed...
2024-07-21 17:02:02,301 INFO: Now monitoring for RCA applications. Don't worry, you're safe :)
2024-07-21 17:04:05,000 INFO: ScamWatch is running!
2024-07-21 17:04:05,000 INFO: Attempting to restart with administrative privileges...
2024-07-21 17:04:08,242 INFO: re-launching ScamWatch with admin privileges
2024-07-21 17:04:08,242 INFO: Restarted with administrative privileges.
2024-07-21 17:04:08,502 INFO: ScamWatch is running!
2024-07-21 17:04:08,502 INFO: Blocking remote connection ports if needed...
2024-07-21 17:04:09,902 INFO: Now monitoring for RCA applications. Don't worry, you're safe :)
2024-07-21 17:04:21,024 INFO: Found process: QuickAssist.exe (pid: 4072)
2024-07-21 17:04:21,024 INFO: Terminated process: QuickAssist.exe (pid: 4072)
2024-07-21 17:04:23,635 INFO: Alert email sent to kassandra.montgomery@student.kpu.ca.
2024-07-21 17:13:51,225 INFO: ScamWatch is running!
2024-07-21 17:13:51,225 INFO: Blocking remote connection ports if needed...
2024-07-21 17:13:52,634 INFO: Now monitoring for RCA applications. Don't worry, you're safe :)
2024-07-21 17:14:48,241 INFO: Found process: QuickAssist.exe (pid: 12452)
2024-07-21 17:14:48,241 INFO: Terminated process: QuickAssist.exe (pid: 12452)
2024-07-21 17:14:50,884 INFO: Alert email sent to kassandra.montgomery@student.kpu.ca.
2024-07-21 17:15:22,586 INFO: Found process: TeamViewerQS_x64.exe (pid: 10620)
2024-07-21 17:15:22,586 INFO: Terminated process: TeamViewerQS_x64.exe (pid: 10620)
2024-07-21 17:15:25,240 INFO: Alert email sent to kassandra.montgomery@student.kpu.ca.
2024-07-21 20:44:32,180 INFO: ScamWatch is running!
2024-07-21 20:44:32,180 INFO: Attempting to restart with administrative privileges...
2024-07-21 20:44:35,703 INFO: re-launching ScamWatch with admin privileges
2024-07-21 20:44:35,703 INFO: Restarted with administrative privileges.
2024-07-21 20:44:35,849 INFO: ScamWatch is running!
2024-07-21 20:44:35,849 INFO: Blocking remote connection ports if needed...
2024-07-21 20:44:36,017 INFO: Firewall rule added to block port 2598.
2024-07-21 20:44:36,132 INFO: Firewall rule added to block port 5800.
2024-07-21 20:44:36,251 INFO: Firewall rule added to block port 6568.
2024-07-21 20:44:36,367 INFO: Firewall rule added to block port 5931.
2024-07-21 20:44:36,481 INFO: Firewall rule added to block port 5900.
2024-07-21 20:44:36,597 INFO: Firewall rule added to block port 5938.
2024-07-21 20:44:36,713 INFO: Firewall rule added to block port 5939.
2024-07-21 20:44:36,830 INFO: Firewall rule added to block port 23.
2024-07-21 20:44:36,947 INFO: Firewall rule added to block port 1494.
2024-07-21 20:44:37,062 INFO: Firewall rule added to block port 22.
2024-07-21 20:44:37,176 INFO: Firewall rule added to block port 1080.
2024-07-21 20:44:37,290 INFO: Firewall rule added to block port 3389.
2024-07-21 20:44:37,290 INFO: Now monitoring for RCA applications. Don't worry, you're safe :)
2024-07-21 20:46:20,387 INFO: Found process: TeamViewer.exe (pid: 18472)
2024-07-21 20:46:20,388 INFO: Terminated process: TeamViewer.exe (pid: 18472)
2024-07-21 20:46:22,609 INFO: Alert email sent to kassandra.montgomery@student.kpu.ca.
2024-07-21 21:10:12,504 INFO: ScamWatch is running!
2024-07-21 21:10:12,504 INFO: Attempting to restart with administrative privileges...
2024-07-21 21:10:14,003 INFO: re-launching ScamWatch with admin privileges
2024-07-21 21:10:14,003 INFO: Restarted with administrative privileges.
2024-07-21 21:10:14,215 INFO: ScamWatch is running!
2024-07-21 21:10:14,215 INFO: Blocking remote connection ports if needed...
2024-07-21 21:10:14,991 INFO: Now monitoring for RCA applications. Don't worry, you're safe :)
2024-07-21 21:10:58,707 INFO: ScamWatch is running!
2024-07-21 21:10:58,708 INFO: Attempting to restart with administrative privileges...
2024-07-21 21:10:59,833 INFO: re-launching ScamWatch with admin privileges
2024-07-21 21:10:59,834 INFO: Restarted with administrative privileges.
2024-07-21 21:11:00,049 INFO: ScamWatch is running!
2024-07-21 21:11:00,049 INFO: Blocking remote connection ports if needed...
2024-07-21 21:11:00,823 INFO: Now monitoring for RCA applications. Don't worry, you're safe :)
2024-07-21 21:11:58,696 INFO: ScamWatch is running!
2024-07-21 21:11:58,696 INFO: Attempting to restart with administrative privileges...
2024-07-21 21:11:59,901 INFO: re-launching ScamWatch with admin privileges
2024-07-21 21:11:59,901 INFO: Restarted with administrative privileges.
2024-07-21 21:12:00,112 INFO: ScamWatch is running!
2024-07-21 21:12:00,112 INFO: Blocking remote connection ports if needed...
2024-07-21 21:12:00,894 INFO: Now monitoring for RCA applications. Don't worry, you're safe :)
2024-07-21 21:18:25,211 INFO: ScamWatch is running!
2024-07-21 21:18:25,211 INFO: Attempting to restart with administrative privileges...
2024-07-21 21:18:26,796 INFO: re-launching ScamWatch with admin privileges
2024-07-21 21:18:26,797 INFO: Restarted with administrative privileges.
2024-07-21 21:18:26,988 INFO: ScamWatch is running!
2024-07-21 21:18:26,989 INFO: Blocking remote connection ports if needed...
2024-07-21 21:18:27,765 INFO: Now monitoring for RCA applications. Don't worry, you're safe :)
2024-07-21 21:18:49,005 INFO: Found process: TeamViewer.exe (pid: 14148)
2024-07-21 21:18:49,006 INFO: Terminated process: TeamViewer.exe (pid: 14148)
2024-07-21 21:19:55,663 INFO: ScamWatch is running!
2024-07-21 21:19:55,663 INFO: Attempting to restart with administrative privileges...
2024-07-21 21:19:57,160 INFO: re-launching ScamWatch with admin privileges
2024-07-21 21:19:57,160 INFO: Restarted with administrative privileges.
2024-07-21 21:19:57,356 INFO: ScamWatch is running!
2024-07-21 21:19:57,356 INFO: Blocking remote connection ports if needed...
2024-07-21 21:19:58,175 INFO: Now monitoring for RCA applications. Don't worry, you're safe :)
2024-07-21 21:20:08,304 INFO: Found process: QuickAssist.exe (pid: 5652)
2024-07-21 21:20:08,306 INFO: Terminated process: QuickAssist.exe (pid: 5652)
2024-07-21 21:20:10,021 INFO: Alert email sent to kassandra.montgomery@student.kpu.ca.
2024-07-25 18:53:27,002 INFO: ScamWatch is running!
2024-07-25 18:53:27,002 INFO: Blocking remote connection ports if needed...
2024-07-25 18:53:27,778 INFO: Now monitoring for RCA applications. Don't worry, you're safe :)
2024-07-25 18:53:36,875 INFO: Found process: QuickAssist.exe (pid: 12376)
2024-07-25 18:53:36,876 INFO: Terminated process: QuickAssist.exe (pid: 12376)
2024-07-25 18:53:39,014 INFO: Alert email sent to kassandra.montgomery@student.kpu.ca.
2024-07-25 19:02:09,656 INFO: ScamWatch is running!
2024-07-25 19:02:09,657 INFO: Attempting to restart with administrative privileges...
2024-07-25 19:02:11,087 INFO: re-launching ScamWatch with admin privileges
2024-07-25 19:02:11,088 INFO: Restarted with administrative privileges.
2024-07-25 19:02:11,275 INFO: ScamWatch is running!
2024-07-25 19:02:11,276 INFO: Blocking remote connection ports if needed...
2024-07-25 19:02:12,015 INFO: Now monitoring for RCA applications. Don't worry, you're safe :)
2024-07-25 19:02:19,105 INFO: Found process: QuickAssist.exe (pid: 23204)
2024-07-25 19:02:19,105 INFO: Terminated process: QuickAssist.exe (pid: 23204)
2024-07-25 19:02:20,953 INFO: Alert email sent to kassandra.montgomery@student.kpu.ca.
2024-07-25 19:14:38,977 INFO: ScamWatch is running!
2024-07-25 19:14:38,978 INFO: Attempting to restart with administrative privileges...
2024-07-25 19:14:40,630 INFO: re-launching ScamWatch with admin privileges
2024-07-25 19:14:40,630 INFO: Restarted with administrative privileges.
2024-07-25 19:14:40,859 INFO: ScamWatch is running!
2024-07-25 19:14:40,859 INFO: Blocking remote connection ports if needed...
2024-07-25 19:14:41,591 INFO: Now monitoring for RCA applications. Don't worry, you're safe :)
2024-07-25 19:14:51,700 INFO: Found process: QuickAssist.exe (pid: 18228)
2024-07-25 19:14:51,701 INFO: Terminated process: QuickAssist.exe (pid: 18228)
2024-07-25 19:14:53,329 INFO: Alert email sent to kassandra.montgomery@student.kpu.ca.
2024-07-25 19:15:00,826 INFO: Found process: TeamViewer.exe (pid: 12852)
2024-07-25 19:15:00,827 INFO: Terminated process: TeamViewer.exe (pid: 12852)
2024-07-25 19:15:02,508 INFO: Alert email sent to kassandra.montgomery@student.kpu.ca.
2024-07-25 19:15:31,440 INFO: ScamWatch is running!
2024-07-25 19:15:31,441 INFO: Attempting to restart with administrative privileges...
2024-07-25 19:15:32,828 INFO: re-launching ScamWatch with admin privileges
2024-07-25 19:15:32,829 INFO: Restarted with administrative privileges.
2024-07-25 19:15:33,062 INFO: ScamWatch is running!
2024-07-25 19:15:33,062 INFO: Blocking remote connection ports if needed...
2024-07-25 19:15:33,797 INFO: Now monitoring for RCA applications. Don't worry, you're safe :)
2024-07-25 19:21:24,295 INFO: ScamWatch is running!
2024-07-25 19:21:24,295 INFO: Attempting to restart with administrative privileges...
2024-07-25 19:21:25,909 INFO: re-launching ScamWatch with admin privileges
2024-07-25 19:21:25,910 INFO: Restarted with administrative privileges.
2024-07-25 19:21:26,147 INFO: ScamWatch is running!
2024-07-25 19:21:26,148 INFO: Blocking remote connection ports if needed...
2024-07-25 19:21:26,937 INFO: Now monitoring for RCA applications. Don't worry, you're safe :)
2024-07-25 19:21:36,090 INFO: Found process: QuickAssist.exe (pid: 18564)
2024-07-25 19:21:36,091 INFO: Terminated process: QuickAssist.exe (pid: 18564)
2024-07-25 19:21:37,730 INFO: Alert email sent to kassandra.montgomery@student.kpu.ca.
2024-07-25 19:21:49,256 INFO: Found process: TeamViewer.exe (pid: 17744)
2024-07-25 19:21:49,256 INFO: Terminated process: TeamViewer.exe (pid: 17744)
2024-07-25 19:21:50,823 INFO: Alert email sent to kassandra.montgomery@student.kpu.ca.
2024-07-25 19:23:50,107 INFO: ScamWatch is running!
2024-07-25 19:23:50,107 INFO: Attempting to restart with administrative privileges...
2024-07-25 19:23:51,259 INFO: re-launching ScamWatch with admin privileges
2024-07-25 19:23:51,259 INFO: Restarted with administrative privileges.
2024-07-25 19:23:51,501 INFO: ScamWatch is running!
2024-07-25 19:23:51,502 INFO: Blocking remote connection ports if needed...
2024-07-25 19:23:52,319 INFO: Now monitoring for RCA applications. Don't worry, you're safe :)
2024-07-25 19:24:00,425 INFO: Found process: QuickAssist.exe (pid: 9668)
2024-07-25 19:24:00,427 INFO: Terminated process: QuickAssist.exe (pid: 9668)
2024-07-25 19:24:02,264 INFO: Alert email sent to kassandra.montgomery@student.kpu.ca.
2024-07-25 19:56:15,901 INFO: ScamWatch is running!
2024-07-25 19:56:15,902 INFO: Attempting to restart with administrative privileges...
2024-07-25 19:56:17,373 INFO: re-launching ScamWatch with admin privileges
2024-07-25 19:56:17,374 INFO: Restarted with administrative privileges.
2024-07-25 19:56:17,609 INFO: ScamWatch is running!
2024-07-25 19:56:17,609 INFO: Blocking remote connection ports if needed...
2024-07-25 19:56:18,385 INFO: Now monitoring for RCA applications. Don't worry, you're safe :)
2024-07-25 19:58:36,742 INFO: Found process: QuickAssist.exe (pid: 21828)
2024-07-25 19:58:36,742 INFO: Terminated process: QuickAssist.exe (pid: 21828)
2024-07-25 19:58:38,434 INFO: Alert email sent to kassandra.montgomery@student.kpu.ca.
2024-07-25 20:06:57,760 INFO: ScamWatch is running!
2024-07-25 20:06:57,760 INFO: Attempting to restart with administrative privileges...
2024-07-25 20:06:58,781 INFO: re-launching ScamWatch with admin privileges
2024-07-25 20:06:58,781 INFO: Restarted with administrative privileges.
2024-07-25 20:06:59,017 INFO: ScamWatch is running!
2024-07-25 20:06:59,017 INFO: Blocking remote connection ports if needed...
2024-07-25 20:06:59,787 INFO: Now monitoring for RCA applications. Don't worry, you're safe :)
2024-07-25 20:07:34,659 INFO: ScamWatch is running!
2024-07-25 20:07:34,659 INFO: Attempting to restart with administrative privileges...
2024-07-25 20:07:35,747 INFO: re-launching ScamWatch with admin privileges
2024-07-25 20:07:35,747 INFO: Restarted with administrative privileges.
2024-07-25 20:07:35,984 INFO: ScamWatch is running!
2024-07-25 20:07:35,985 INFO: Blocking remote connection ports if needed...
2024-07-25 20:07:36,769 INFO: Now monitoring for RCA applications. Don't worry, you're safe :)
2024-07-25 20:07:49,934 INFO: Found process: QuickAssist.exe (pid: 7356)
2024-07-25 20:07:49,936 INFO: Terminated process: QuickAssist.exe (pid: 7356)
2024-07-25 20:07:56,907 INFO: Alert email sent to kassandra.montgomery@student.kpu.ca.
2024-07-30 13:36:19,217 INFO: ScamWatch is running!
2024-07-30 13:36:19,217 INFO: Checking for a Windows shortcut and creating one if needed
2024-07-30 13:36:19,218 INFO: Attempting to restart with administrative privileges...
2024-07-30 13:36:19,219 INFO: Creating shortcut 'ScamWatch'...
2024-07-30 13:36:19,221 ERROR: Something went wrong! Here's the error info: (-2147221008, 'CoInitialize has not been called.', None, None)
2024-07-30 13:36:21,249 INFO: re-launching ScamWatch with admin privileges
2024-07-30 13:36:21,249 INFO: Restarted with administrative privileges.
2024-07-30 13:36:22,127 INFO: ScamWatch is running!
2024-07-30 13:36:22,127 INFO: Checking for a Windows shortcut and creating one if needed
2024-07-30 13:36:22,128 INFO: Blocking remote connection ports if needed...
2024-07-30 13:36:22,129 INFO: Now monitoring for RCA applications. Don't worry, you're safe :)
2024-07-30 13:36:22,129 INFO: Creating shortcut 'ScamWatch'...
2024-07-30 13:36:22,158 ERROR: Something went wrong! Here's the error info: (-2147221008, 'CoInitialize has not been called.', None, None)
2024-07-30 13:42:04,602 INFO: ScamWatch is running!
2024-07-30 13:42:04,603 INFO: Attempting to restart with administrative privileges...
2024-07-30 13:42:06,286 INFO: re-launching ScamWatch with admin privileges
2024-07-30 13:42:06,286 INFO: Restarted with administrative privileges.
2024-07-30 13:42:07,111 INFO: ScamWatch is running!
2024-07-30 13:42:07,112 INFO: Checking for a Windows shortcut and creating one if needed
2024-07-30 13:42:07,113 INFO: Blocking remote connection ports if needed...
2024-07-30 13:42:07,114 INFO: Now monitoring for RCA applications. Don't worry, you're safe :)
2024-07-30 13:42:07,114 INFO: Creating shortcut 'ScamWatch'...
2024-07-30 13:42:07,191 INFO: Shortcut 'ScamWatch' created successfully.
2024-07-30 13:42:48,284 INFO: Found process: QuickAssist.exe (pid: 8108)
2024-07-30 13:42:48,288 INFO: Terminated process: QuickAssist.exe (pid: 8108)
2024-07-30 13:42:50,642 INFO: Alert email sent to kassandra.montgomery@student.kpu.ca.
2024-07-30 13:47:58,472 INFO: ScamWatch is running!
2024-07-30 13:47:58,473 INFO: Attempting to restart with administrative privileges...
2024-07-30 13:48:00,290 INFO: re-launching ScamWatch with admin privileges
2024-07-30 13:48:00,290 INFO: Restarted with administrative privileges.
2024-07-30 13:48:01,114 INFO: ScamWatch is running!
2024-07-30 13:48:01,114 INFO: Checking for a Windows shortcut and creating one if needed
2024-07-30 13:48:01,115 INFO: Blocking remote connection ports if needed...
2024-07-30 13:48:01,116 INFO: Now monitoring for RCA applications. Don't worry, you're safe :)
2024-07-30 13:48:01,134 INFO: Creating shortcut 'ScamWatch'...
2024-07-30 13:48:01,192 INFO: Shortcut 'ScamWatch' created successfully.
2024-07-30 13:50:46,549 INFO: ScamWatch is running!
2024-07-30 13:50:46,550 INFO: Attempting to restart with administrative privileges...
2024-07-30 13:50:48,081 INFO: re-launching ScamWatch with admin privileges
2024-07-30 13:50:48,081 INFO: Restarted with administrative privileges.
2024-07-30 13:50:48,880 INFO: ScamWatch is running!
2024-07-30 13:50:48,881 INFO: Checking for a Windows shortcut and creating one if needed
2024-07-30 13:50:48,881 INFO: Blocking remote connection ports if needed...
2024-07-30 13:50:48,882 INFO: Now monitoring for RCA applications. Don't worry, you're safe :)
2024-07-30 13:50:48,903 INFO: Creating shortcut 'ScamWatch'...
2024-07-30 13:50:48,966 INFO: Shortcut 'ScamWatch' created successfully.
2024-07-30 13:58:13,686 INFO: ScamWatch is running!
2024-07-30 13:58:13,686 INFO: Attempting to restart with administrative privileges...
2024-07-30 13:58:15,478 INFO: re-launching ScamWatch with admin privileges
2024-07-30 13:58:15,478 INFO: Restarted with administrative privileges.
2024-07-30 13:58:16,377 INFO: ScamWatch is running!
2024-07-30 13:58:16,379 INFO: Checking for a Windows shortcut and creating one if needed
2024-07-30 13:58:16,379 INFO: Blocking remote connection ports if needed...
2024-07-30 13:58:16,380 INFO: Now monitoring for RCA applications. Don't worry, you're safe :)
2024-07-30 13:58:16,380 INFO: Creating shortcut 'ScamWatch'...
2024-07-30 13:58:16,441 INFO: Shortcut 'ScamWatch' created successfully.
2024-07-30 14:07:41,905 INFO: ScamWatch is running!
2024-07-30 14:07:41,908 INFO: Attempting to restart with administrative privileges...
2024-07-30 14:07:43,329 INFO: re-launching ScamWatch with admin privileges
2024-07-30 14:07:43,329 INFO: Restarted with administrative privileges.
2024-07-30 14:07:44,197 INFO: ScamWatch is running!
2024-07-30 14:07:44,197 INFO: Checking for a Windows shortcut and creating one if needed
2024-07-30 14:07:44,197 INFO: Blocking remote connection ports if needed...
2024-07-30 14:07:44,197 INFO: Now monitoring for RCA applications. Don't worry, you're safe :)
2024-07-30 14:07:44,228 INFO: Creating shortcut 'ScamWatch'...
2024-07-30 14:07:44,319 INFO: Shortcut 'ScamWatch' created successfully.
2024-07-30 14:10:53,939 INFO: ScamWatch is running!
2024-07-30 14:10:53,941 INFO: Attempting to restart with administrative privileges...
2024-07-30 14:10:55,786 INFO: re-launching ScamWatch with admin privileges
2024-07-30 14:10:55,786 INFO: Restarted with administrative privileges.
2024-07-30 14:10:56,605 INFO: ScamWatch is running!
2024-07-30 14:10:56,605 INFO: Checking for a Windows shortcut and creating one if needed
2024-07-30 14:10:56,605 INFO: Blocking remote connection ports if needed...
2024-07-30 14:10:56,605 INFO: Now monitoring for RCA applications. Don't worry, you're safe :)
2024-07-30 14:10:56,630 INFO: Creating shortcut 'ScamWatch'...
2024-07-30 14:10:56,705 INFO: Shortcut 'ScamWatch' created successfully.
2024-07-30 14:13:52,459 INFO: ScamWatch is running!
2024-07-30 14:13:52,460 INFO: Attempting to restart with administrative privileges...
2024-07-30 14:13:54,216 INFO: re-launching ScamWatch with admin privileges
2024-07-30 14:13:54,216 INFO: Restarted with administrative privileges.
2024-07-30 14:13:55,041 INFO: ScamWatch is running!
2024-07-30 14:13:55,051 INFO: Checking for a Windows shortcut and creating one if needed
2024-07-30 14:13:55,051 INFO: Blocking remote connection ports if needed...
2024-07-30 14:13:55,051 INFO: Now monitoring for RCA applications. Don't worry, you're safe :)
2024-07-30 14:13:55,079 INFO: Shortcut 'ScamWatch' already exists.
2024-07-30 14:14:55,085 INFO: ScamWatch is running!
2024-07-30 14:14:55,089 INFO: Attempting to restart with administrative privileges...
2024-07-30 14:14:57,062 INFO: re-launching ScamWatch with admin privileges
2024-07-30 14:14:57,062 INFO: Restarted with administrative privileges.
2024-07-30 14:14:57,875 INFO: ScamWatch is running!
2024-07-30 14:14:57,875 INFO: Checking for a Windows shortcut and creating one if needed
2024-07-30 14:14:57,875 INFO: Blocking remote connection ports if needed...
2024-07-30 14:14:57,881 INFO: Now monitoring for RCA applications. Don't worry, you're safe :)
2024-07-30 14:14:57,881 INFO: Creating shortcut 'ScamWatch'...
2024-07-30 14:14:57,983 INFO: Shortcut 'ScamWatch' created successfully.
2024-07-30 14:26:39,884 INFO: ScamWatch is running!
2024-07-30 14:26:39,884 INFO: Attempting to restart with administrative privileges...
2024-07-30 14:26:41,704 INFO: re-launching ScamWatch with admin privileges
2024-07-30 14:26:41,704 INFO: Restarted with administrative privileges.
2024-07-30 14:26:42,502 INFO: ScamWatch is running!
2024-07-30 14:26:42,503 INFO: Checking for a Windows shortcut and creating one if needed
2024-07-30 14:26:42,503 INFO: Blocking remote connection ports if needed...
2024-07-30 14:26:42,503 INFO: Now monitoring for RCA applications. Don't worry, you're safe :)
2024-07-30 14:26:42,510 INFO: Creating shortcut 'ScamWatch'...
2024-07-30 14:26:42,601 INFO: Shortcut 'ScamWatch' created successfully.
2024-07-30 14:28:23,401 INFO: ScamWatch is running!
2024-07-30 14:28:23,401 INFO: Attempting to restart with administrative privileges...
2024-07-30 14:28:25,310 INFO: re-launching ScamWatch with admin privileges
2024-07-30 14:28:25,310 INFO: Restarted with administrative privileges.
2024-07-30 14:28:26,134 INFO: ScamWatch is running!
2024-07-30 14:28:26,136 INFO: Checking for a Windows shortcut and creating one if needed
2024-07-30 14:28:26,136 INFO: Blocking remote connection ports if needed...
2024-07-30 14:28:26,138 INFO: Now monitoring for RCA applications. Don't worry, you're safe :)
2024-07-30 14:28:26,184 INFO: Shortcut 'ScamWatch' already exists.
2024-07-30 14:28:50,907 INFO: ScamWatch is running!
2024-07-30 14:28:50,912 INFO: Attempting to restart with administrative privileges...
2024-07-30 14:28:52,775 INFO: re-launching ScamWatch with admin privileges
2024-07-30 14:28:52,775 INFO: Restarted with administrative privileges.
2024-07-30 14:28:53,608 INFO: ScamWatch is running!
2024-07-30 14:28:53,608 INFO: Checking for a Windows shortcut and creating one if needed
2024-07-30 14:28:53,608 INFO: Blocking remote connection ports if needed...
2024-07-30 14:28:53,608 INFO: Now monitoring for RCA applications. Don't worry, you're safe :)
2024-07-30 14:28:53,622 INFO: Creating shortcut 'ScamWatch'...
2024-07-30 14:28:53,699 INFO: Shortcut 'ScamWatch' created successfully.
2024-07-30 14:31:24,310 INFO: ScamWatch is running!
2024-07-30 14:31:24,310 INFO: Attempting to restart with administrative privileges...
2024-07-30 14:31:26,091 INFO: re-launching ScamWatch with admin privileges
2024-07-30 14:31:26,092 INFO: Restarted with administrative privileges.
2024-07-30 14:31:26,887 INFO: ScamWatch is running!
2024-07-30 14:31:26,887 INFO: Checking for a Windows shortcut and creating one if needed
2024-07-30 14:31:26,887 INFO: Blocking remote connection ports if needed...
2024-07-30 14:31:26,887 INFO: Now monitoring for RCA applications. Don't worry, you're safe :)
2024-07-30 14:31:26,903 INFO: Shortcut 'ScamWatch' already exists.
2024-07-30 17:53:11,252 INFO: ScamWatch is running!
2024-07-30 17:53:11,252 INFO: Attempting to restart with administrative privileges...
2024-07-30 17:53:12,998 INFO: re-launching ScamWatch with admin privileges
2024-07-30 17:53:13,004 INFO: Restarted with administrative privileges.
2024-07-30 17:53:13,799 INFO: ScamWatch is running!
2024-07-30 17:53:13,801 INFO: Checking for a Windows shortcut and creating one if needed
2024-07-30 17:53:13,801 INFO: Blocking remote connection ports if needed...
2024-07-30 17:53:13,801 INFO: Now monitoring for RCA applications. Don't worry, you're safe :)
2024-07-30 17:53:13,822 INFO: Creating shortcut 'ScamWatch'...
2024-07-30 17:53:13,822 INFO: one_time_connection function called
2024-07-30 17:53:13,897 INFO: Shortcut 'ScamWatch' created successfully.
2024-07-30 17:53:14,841 INFO: Monitoring paused.
2024-07-30 17:53:24,841 INFO: Monitoring resumed.
2024-07-30 17:53:47,437 INFO: Found process: QuickAssist.exe (pid: 6992)
2024-07-30 17:53:47,442 INFO: Terminated process: QuickAssist.exe (pid: 6992)
2024-07-30 17:53:48,144 ERROR: Failed to send email. Error: (421, b'4.3.2 Service not active [MW4PR04CA0337.namprd04.prod.outlook.com 2024-07-31T00:53:47.836Z 08DCB0BE1AAD1FB7]')
2024-07-30 17:54:11,164 INFO: ScamWatch is running!
2024-07-30 17:54:11,165 INFO: Attempting to restart with administrative privileges...
2024-07-30 17:54:12,967 INFO: re-launching ScamWatch with admin privileges
2024-07-30 17:54:12,967 INFO: Restarted with administrative privileges.
2024-07-30 17:54:13,815 INFO: ScamWatch is running!
2024-07-30 17:54:13,816 INFO: Checking for a Windows shortcut and creating one if needed
2024-07-30 17:54:13,816 INFO: Blocking remote connection ports if needed...
2024-07-30 17:54:13,819 INFO: Now monitoring for RCA applications. Don't worry, you're safe :)
2024-07-30 17:54:13,844 INFO: Shortcut 'ScamWatch' already exists.
2024-07-30 17:54:13,844 INFO: one_time_connection function called
2024-07-30 17:54:14,860 INFO: Monitoring paused.
2024-07-30 17:54:24,861 INFO: Monitoring resumed.
2024-08-01 20:48:08,690 INFO: ScamWatch is running!
2024-08-01 20:48:08,691 INFO: Attempting to restart with administrative privileges...
2024-08-01 20:48:10,471 INFO: re-launching ScamWatch with admin privileges
2024-08-01 20:48:10,472 INFO: Restarted with administrative privileges.
2024-08-01 20:48:11,388 INFO: ScamWatch is running!
2024-08-01 20:48:11,388 INFO: Checking for a Windows shortcut and creating one if needed
2024-08-01 20:48:11,388 INFO: Blocking remote connection ports if needed...
2024-08-01 20:48:11,388 INFO: Now monitoring for RCA applications. Don't worry, you're safe :)
2024-08-01 20:48:11,420 INFO: Shortcut 'ScamWatch' already exists.
2024-08-01 20:48:21,790 INFO: Found process: QuickAssist.exe (pid: 22724)
2024-08-01 20:48:21,790 INFO: Terminated process: QuickAssist.exe (pid: 22724)
2024-08-01 20:48:26,426 INFO: Alert email sent to kassandra.montgomery@student.kpu.ca.
2024-08-01 20:51:54,572 DEBUG: STREAM b'IHDR' 16 13
2024-08-01 20:51:54,572 DEBUG: STREAM b'sRGB' 41 1
2024-08-01 20:51:54,572 DEBUG: STREAM b'gAMA' 54 4
2024-08-01 20:51:54,572 DEBUG: STREAM b'pHYs' 70 9
2024-08-01 20:51:54,572 DEBUG: STREAM b'IDAT' 91 23716
2024-08-01 20:56:31,812 INFO: ScamWatch is running!
2024-08-01 20:56:31,812 INFO: Attempting to restart with administrative privileges...
2024-08-01 20:56:33,499 INFO: re-launching ScamWatch with admin privileges
2024-08-01 20:56:33,499 INFO: Restarted with administrative privileges.
2024-08-01 20:56:34,307 INFO: ScamWatch is running!
2024-08-01 20:56:34,307 INFO: Checking for a Windows shortcut and creating one if needed
2024-08-01 20:56:34,307 INFO: Blocking remote connection ports if needed...
2024-08-01 20:56:34,307 INFO: Now monitoring for RCA applications. Don't worry, you're safe :)
2024-08-01 20:56:34,307 INFO: Shortcut 'ScamWatch' already exists.
2024-08-01 20:57:24,547 INFO: Calling one_time_connection from process_blocking
2024-08-01 20:57:24,547 INFO: one_time_connection function called
2024-08-01 20:57:24,547 INFO: one_time_connection successfully called
2024-08-01 20:57:45,382 INFO: Found process: QuickAssist.exe (pid: 17280)
2024-08-01 20:57:45,392 INFO: Terminated process: QuickAssist.exe (pid: 17280)
2024-08-01 20:57:48,414 INFO: Alert email sent to kassandra.montgomery@student.kpu.ca.
2024-08-01 21:20:44,703 INFO: ScamWatch is running!
2024-08-01 21:20:44,703 INFO: Attempting to restart with administrative privileges...
2024-08-01 21:20:46,458 INFO: re-launching ScamWatch with admin privileges
2024-08-01 21:20:46,458 INFO: Restarted with administrative privileges.
2024-08-01 21:20:47,268 INFO: ScamWatch is running!
2024-08-01 21:20:47,268 INFO: Checking for a Windows shortcut and creating one if needed
2024-08-01 21:20:47,268 INFO: Blocking remote connection ports if needed...
2024-08-01 21:20:47,268 INFO: Now monitoring for RCA applications. Don't worry, you're safe :)
2024-08-01 21:20:47,300 INFO: Shortcut 'ScamWatch' already exists.
2024-08-01 21:21:27,894 INFO: Calling one_time_connection from process_blocking
2024-08-01 21:21:27,894 INFO: one_time_connection function called
2024-08-01 21:21:27,895 INFO: one_time_connection successfully called
2024-08-01 21:21:28,468 INFO: Monitoring paused.
2024-08-01 21:22:24,404 INFO: Going back to ui_main
